<?xml version="1.0" encoding="UTF-8"?>
<!-- Generated by org.testng.reporters.JUnitXMLReporter -->
<testsuite ignored="0" hostname="DESKTOP-OV165R3" failures="0" tests="5" name="edge" time="7.42" errors="0" timestamp="2025-07-28T18:41:25 IST">
  <testcase classname="com.tests.LoginTest" name="websiteCheck" time="0.0">
    <skipped/>
  </testcase> <!-- websiteCheck -->
  <testcase classname="com.tests.LoginTest" name="search" time="0.0">
    <skipped/>
  </testcase> <!-- search -->
  <testcase classname="com.tests.LoginTest" name="addToWishList" time="0.0">
    <skipped/>
  </testcase> <!-- addToWishList -->
  <testcase classname="com.tests.LoginTest" name="addToCart" time="0.0">
    <skipped/>
  </testcase> <!-- addToCart -->
  <testcase classname="com.tests.LoginTest" name="placeOrder" time="0.0">
    <skipped/>
  </testcase> <!-- placeOrder -->
</testsuite> <!-- edge -->
