<?xml version="1.0" encoding="UTF-8"?>
<!-- Generated by org.testng.reporters.JUnitXMLReporter -->
<testsuite ignored="0" hostname="DESKTOP-OV165R3" failures="0" tests="5" name="Test" time="55.831" errors="0" timestamp="2025-07-27T23:01:57 IST">
  <testcase classname="com.tests.LoginTest" name="websiteCheck" time="21.879"/>
  <testcase classname="com.tests.LoginTest" name="search" time="2.045"/>
  <testcase classname="com.tests.LoginTest" name="addToWishList" time="6.357"/>
  <testcase classname="com.tests.LoginTest" name="addToCart" time="16.637"/>
  <testcase classname="com.tests.LoginTest" name="placeOrder" time="3.545"/>
</testsuite> <!-- Test -->
